8730 Fri Dec 20 21:07:16.406136 [DBG] snmp.go:220 Ctxt test 0  : stats tracker initializing
8730 Fri Dec 20 21:07:16.406221 [DBG] snmp.go:321 Ctxt test 0  : request tracker initializing
8730 Fri Dec 20 21:07:16.406225 [DBG] snmp.go:127 Ctxt test 0  : setting restart timer for 0 seconds
8730 Fri Dec 20 21:07:16.406328 [DBG] snmp.go:220 Ctxt testAgent: stats tracker initializing
8730 Fri Dec 20 21:07:16.406335 [DBG] snmp.go:127 Ctxt testAgent: setting restart timer for 0 seconds
8730 Fri Dec 20 21:07:16.406355 [DBG] snmp.go:436 Ctxt test 0  : incoming message listener initializing
8730 Fri Dec 20 21:07:16.406358 [DBG] snmp.go:383 Ctxt test 0  : outbound flow controller initializing
8730 Fri Dec 20 21:07:16.406411 [DBG] snmp.go:436 Ctxt testAgent: incoming message listener initializing
8730 Fri Dec 20 21:07:16.406416 [DBG] snmp.go:383 Ctxt testAgent: outbound flow controller initializing
8730 Fri Dec 20 21:07:18.409361 [DBG] snmp.go:359 Ctxt test 0  : final timeout for GET REQUEST:1
8730 Fri Dec 20 21:07:18.412126 [DBG] snmp.go:227 Ctxt test 0  : got stats request
8730 Fri Dec 20 21:07:18.412239 [DBG] snmp.go:443 Ctxt testAgent: incoming message listener shutting down
8730 Fri Dec 20 21:07:18.412247 [DBG] snmp.go:407 Ctxt testAgent: outbound flow controller shutting down due to snmpContext shutdown
8730 Fri Dec 20 21:07:18.412252 [DBG] snmp.go:253 Ctxt testAgent: stats tracker shutting down due to snmpContext shutdown
8730 Fri Dec 20 21:07:18.412273 [DBG] snmp.go:123 Ctxt testAgent: shutdown complete
8730 Fri Dec 20 21:07:18.412324 [DBG] snmp.go:443 Ctxt test 0  : incoming message listener shutting down
8730 Fri Dec 20 21:07:18.412330 [DBG] snmp.go:407 Ctxt test 0  : outbound flow controller shutting down due to snmpContext shutdown
8730 Fri Dec 20 21:07:18.412336 [DBG] snmp.go:364 Ctxt test 0  : request tracker shutting down due to snmpContext shutdown
8730 Fri Dec 20 21:07:18.412341 [DBG] snmp.go:253 Ctxt test 0  : stats tracker shutting down due to snmpContext shutdown
8730 Fri Dec 20 21:07:18.412612 [DBG] snmp.go:123 Ctxt test 0  : shutdown complete
8781 Fri Dec 20 21:17:22.335829 [DBG] snmp.go:220 Ctxt test 0  : stats tracker initializing
8781 Fri Dec 20 21:17:22.336056 [DBG] snmp.go:321 Ctxt test 0  : request tracker initializing
8781 Fri Dec 20 21:17:22.336060 [DBG] snmp.go:127 Ctxt test 0  : setting restart timer for 0 seconds
8781 Fri Dec 20 21:17:22.336066 [DBG] snmp.go:220 Ctxt testAgent: stats tracker initializing
8781 Fri Dec 20 21:17:22.336077 [DBG] snmp.go:127 Ctxt testAgent: setting restart timer for 0 seconds
8781 Fri Dec 20 21:17:22.336094 [DBG] snmp.go:436 Ctxt test 0  : incoming message listener initializing
8781 Fri Dec 20 21:17:22.336101 [DBG] snmp.go:383 Ctxt test 0  : outbound flow controller initializing
8781 Fri Dec 20 21:17:22.336150 [DBG] snmp.go:436 Ctxt testAgent: incoming message listener initializing
8781 Fri Dec 20 21:17:22.336155 [DBG] snmp.go:383 Ctxt testAgent: outbound flow controller initializing
8781 Fri Dec 20 21:17:24.339394 [DBG] snmp.go:359 Ctxt test 0  : final timeout for GET REQUEST:1
8781 Fri Dec 20 21:17:24.342176 [DBG] snmp.go:227 Ctxt test 0  : got stats request
8781 Fri Dec 20 21:17:24.342289 [DBG] snmp.go:443 Ctxt testAgent: incoming message listener shutting down
8781 Fri Dec 20 21:17:24.342301 [DBG] snmp.go:404 Ctxt testAgent: outbound flow controller shutting down due to shutdown message
8781 Fri Dec 20 21:17:24.342308 [DBG] snmp.go:253 Ctxt testAgent: stats tracker shutting down due to snmpContext shutdown
8781 Fri Dec 20 21:17:24.342329 [DBG] snmp.go:123 Ctxt testAgent: shutdown complete
8781 Fri Dec 20 21:17:24.342380 [DBG] snmp.go:443 Ctxt test 0  : incoming message listener shutting down
8781 Fri Dec 20 21:17:24.342391 [DBG] snmp.go:404 Ctxt test 0  : outbound flow controller shutting down due to shutdown message
8781 Fri Dec 20 21:17:24.342398 [DBG] snmp.go:364 Ctxt test 0  : request tracker shutting down due to snmpContext shutdown
8781 Fri Dec 20 21:17:24.342403 [DBG] snmp.go:253 Ctxt test 0  : stats tracker shutting down due to snmpContext shutdown
8781 Fri Dec 20 21:17:24.342652 [DBG] snmp.go:123 Ctxt test 0  : shutdown complete
9122 Sun Dec 22 20:12:06.761764 [DBG] snmp.go:220 Ctxt test 0  : stats tracker initializing
9122 Sun Dec 22 20:12:06.761969 [DBG] snmp.go:321 Ctxt test 0  : request tracker initializing
9122 Sun Dec 22 20:12:06.761973 [DBG] snmp.go:127 Ctxt test 0  : setting restart timer for 0 seconds
9122 Sun Dec 22 20:12:06.761976 [DBG] snmp.go:220 Ctxt testAgent: stats tracker initializing
9122 Sun Dec 22 20:12:06.761979 [DBG] snmp.go:127 Ctxt testAgent: setting restart timer for 0 seconds
9122 Sun Dec 22 20:12:06.761990 [DBG] snmp.go:436 Ctxt test 0  : incoming message listener initializing
9122 Sun Dec 22 20:12:06.761999 [DBG] snmp.go:383 Ctxt test 0  : outbound flow controller initializing
9122 Sun Dec 22 20:12:06.762006 [DBG] snmp.go:436 Ctxt testAgent: incoming message listener initializing
9122 Sun Dec 22 20:12:06.762012 [DBG] snmp.go:383 Ctxt testAgent: outbound flow controller initializing
9122 Sun Dec 22 20:12:08.765280 [DBG] snmp.go:359 Ctxt test 0  : final timeout for GET REQUEST:1
9122 Sun Dec 22 20:12:08.768014 [DBG] snmp.go:227 Ctxt test 0  : got stats request
9122 Sun Dec 22 20:12:08.768111 [DBG] snmp.go:443 Ctxt testAgent: incoming message listener shutting down
9122 Sun Dec 22 20:12:08.768118 [DBG] snmp.go:407 Ctxt testAgent: outbound flow controller shutting down due to snmpContext shutdown
9122 Sun Dec 22 20:12:08.768123 [DBG] snmp.go:253 Ctxt testAgent: stats tracker shutting down due to snmpContext shutdown
9122 Sun Dec 22 20:12:08.768139 [DBG] snmp.go:123 Ctxt testAgent: shutdown complete
9122 Sun Dec 22 20:12:08.768177 [DBG] snmp.go:443 Ctxt test 0  : incoming message listener shutting down
9122 Sun Dec 22 20:12:08.768183 [DBG] snmp.go:407 Ctxt test 0  : outbound flow controller shutting down due to snmpContext shutdown
9122 Sun Dec 22 20:12:08.768188 [DBG] snmp.go:364 Ctxt test 0  : request tracker shutting down due to snmpContext shutdown
9122 Sun Dec 22 20:12:08.768193 [DBG] snmp.go:253 Ctxt test 0  : stats tracker shutting down due to snmpContext shutdown
9122 Sun Dec 22 20:12:08.768420 [DBG] snmp.go:123 Ctxt test 0  : shutdown complete
9230 Sun Dec 22 20:18:02.145226 [DBG] snmp.go:220 Ctxt test 0  : stats tracker initializing
9230 Sun Dec 22 20:18:02.145308 [DBG] snmp.go:321 Ctxt test 0  : request tracker initializing
9230 Sun Dec 22 20:18:02.145312 [DBG] snmp.go:127 Ctxt test 0  : setting restart timer for 0 seconds
9230 Sun Dec 22 20:18:02.145416 [DBG] snmp.go:220 Ctxt testAgent: stats tracker initializing
9230 Sun Dec 22 20:18:02.145424 [DBG] snmp.go:127 Ctxt testAgent: setting restart timer for 0 seconds
9230 Sun Dec 22 20:18:02.145444 [DBG] snmp.go:436 Ctxt test 0  : incoming message listener initializing
9230 Sun Dec 22 20:18:02.145447 [DBG] snmp.go:383 Ctxt test 0  : outbound flow controller initializing
9230 Sun Dec 22 20:18:02.145499 [DBG] snmp.go:436 Ctxt testAgent: incoming message listener initializing
9230 Sun Dec 22 20:18:02.145503 [DBG] snmp.go:383 Ctxt testAgent: outbound flow controller initializing
9230 Sun Dec 22 20:18:04.148642 [DBG] snmp.go:359 Ctxt test 0  : final timeout for GET REQUEST:1
9230 Sun Dec 22 20:18:04.151327 [DBG] snmp.go:227 Ctxt test 0  : got stats request
9230 Sun Dec 22 20:18:04.151477 [DBG] snmp.go:443 Ctxt testAgent: incoming message listener shutting down
9230 Sun Dec 22 20:18:04.151489 [DBG] snmp.go:404 Ctxt testAgent: outbound flow controller shutting down due to shutdown message
9230 Sun Dec 22 20:18:04.151498 [DBG] snmp.go:253 Ctxt testAgent: stats tracker shutting down due to snmpContext shutdown
9230 Sun Dec 22 20:18:04.151523 [DBG] snmp.go:123 Ctxt testAgent: shutdown complete
9230 Sun Dec 22 20:18:04.151594 [DBG] snmp.go:443 Ctxt test 0  : incoming message listener shutting down
9230 Sun Dec 22 20:18:04.151602 [DBG] snmp.go:407 Ctxt test 0  : outbound flow controller shutting down due to snmpContext shutdown
9230 Sun Dec 22 20:18:04.151609 [DBG] snmp.go:364 Ctxt test 0  : request tracker shutting down due to snmpContext shutdown
9230 Sun Dec 22 20:18:04.151615 [DBG] snmp.go:253 Ctxt test 0  : stats tracker shutting down due to snmpContext shutdown
9230 Sun Dec 22 20:18:04.151825 [DBG] snmp.go:123 Ctxt test 0  : shutdown complete
9302 Sun Dec 22 21:08:27.855227 [DBG] snmp.go:220 Ctxt test 0  : stats tracker initializing
9302 Sun Dec 22 21:08:27.855359 [DBG] snmp.go:321 Ctxt test 0  : request tracker initializing
9302 Sun Dec 22 21:08:27.855365 [DBG] snmp.go:127 Ctxt test 0  : setting restart timer for 0 seconds
9302 Sun Dec 22 21:08:27.855369 [DBG] snmp.go:220 Ctxt testAgent: stats tracker initializing
9302 Sun Dec 22 21:08:27.855373 [DBG] snmp.go:127 Ctxt testAgent: setting restart timer for 0 seconds
9302 Sun Dec 22 21:08:27.855526 [DBG] snmp.go:436 Ctxt test 0  : incoming message listener initializing
9302 Sun Dec 22 21:08:27.855532 [DBG] snmp.go:383 Ctxt test 0  : outbound flow controller initializing
9302 Sun Dec 22 21:08:27.855536 [DBG] snmp.go:436 Ctxt testAgent: incoming message listener initializing
9302 Sun Dec 22 21:08:27.855540 [DBG] snmp.go:383 Ctxt testAgent: outbound flow controller initializing
9341 Sun Dec 22 21:16:02.042568 [DBG] snmp.go:220 Ctxt test 0  : stats tracker initializing
9341 Sun Dec 22 21:16:02.042711 [DBG] snmp.go:321 Ctxt test 0  : request tracker initializing
9341 Sun Dec 22 21:16:02.042723 [DBG] snmp.go:127 Ctxt test 0  : setting restart timer for 0 seconds
9341 Sun Dec 22 21:16:02.042795 [DBG] snmp.go:220 Ctxt testAgent: stats tracker initializing
9341 Sun Dec 22 21:16:02.042800 [DBG] snmp.go:127 Ctxt testAgent: setting restart timer for 0 seconds
9341 Sun Dec 22 21:16:02.042818 [DBG] snmp.go:436 Ctxt test 0  : incoming message listener initializing
9341 Sun Dec 22 21:16:02.042821 [DBG] snmp.go:383 Ctxt test 0  : outbound flow controller initializing
9341 Sun Dec 22 21:16:02.042889 [DBG] snmp.go:436 Ctxt testAgent: incoming message listener initializing
9341 Sun Dec 22 21:16:02.042896 [DBG] snmp.go:383 Ctxt testAgent: outbound flow controller initializing
9366 Sun Dec 22 21:19:51.440460 [DBG] snmp.go:220 Ctxt test 0  : stats tracker initializing
9366 Sun Dec 22 21:19:51.440682 [DBG] snmp.go:321 Ctxt test 0  : request tracker initializing
9366 Sun Dec 22 21:19:51.440686 [DBG] snmp.go:127 Ctxt test 0  : setting restart timer for 0 seconds
9366 Sun Dec 22 21:19:51.440690 [DBG] snmp.go:220 Ctxt testAgent: stats tracker initializing
9366 Sun Dec 22 21:19:51.440693 [DBG] snmp.go:127 Ctxt testAgent: setting restart timer for 0 seconds
9366 Sun Dec 22 21:19:51.440705 [DBG] snmp.go:436 Ctxt test 0  : incoming message listener initializing
9366 Sun Dec 22 21:19:51.440713 [DBG] snmp.go:383 Ctxt test 0  : outbound flow controller initializing
9366 Sun Dec 22 21:19:51.440721 [DBG] snmp.go:436 Ctxt testAgent: incoming message listener initializing
9366 Sun Dec 22 21:19:51.440726 [DBG] snmp.go:383 Ctxt testAgent: outbound flow controller initializing
9855 Mon Dec 23 13:59:16.271011 [DBG] snmp.go:220 Ctxt test 0  : stats tracker initializing
9855 Mon Dec 23 13:59:16.271280 [DBG] snmp.go:321 Ctxt test 0  : request tracker initializing
9855 Mon Dec 23 13:59:16.271284 [DBG] snmp.go:127 Ctxt test 0  : setting restart timer for 0 seconds
9855 Mon Dec 23 13:59:16.271287 [DBG] snmp.go:220 Ctxt testAgent: stats tracker initializing
9855 Mon Dec 23 13:59:16.271290 [DBG] snmp.go:127 Ctxt testAgent: setting restart timer for 0 seconds
9855 Mon Dec 23 13:59:16.271301 [DBG] snmp.go:436 Ctxt test 0  : incoming message listener initializing
9855 Mon Dec 23 13:59:16.271308 [DBG] snmp.go:383 Ctxt test 0  : outbound flow controller initializing
9855 Mon Dec 23 13:59:16.271316 [DBG] snmp.go:436 Ctxt testAgent: incoming message listener initializing
9855 Mon Dec 23 13:59:16.271321 [DBG] snmp.go:383 Ctxt testAgent: outbound flow controller initializing
9892 Mon Dec 23 14:09:27.686704 [DBG] snmp.go:220 Ctxt test 0  : stats tracker initializing
9892 Mon Dec 23 14:09:27.686784 [DBG] snmp.go:321 Ctxt test 0  : request tracker initializing
9892 Mon Dec 23 14:09:27.686787 [DBG] snmp.go:127 Ctxt test 0  : setting restart timer for 0 seconds
9892 Mon Dec 23 14:09:27.686887 [DBG] snmp.go:220 Ctxt testAgent: stats tracker initializing
9892 Mon Dec 23 14:09:27.686891 [DBG] snmp.go:127 Ctxt testAgent: setting restart timer for 0 seconds
9892 Mon Dec 23 14:09:27.686909 [DBG] snmp.go:436 Ctxt test 0  : incoming message listener initializing
9892 Mon Dec 23 14:09:27.686912 [DBG] snmp.go:383 Ctxt test 0  : outbound flow controller initializing
9892 Mon Dec 23 14:09:27.686963 [DBG] snmp.go:436 Ctxt testAgent: incoming message listener initializing
9892 Mon Dec 23 14:09:27.686968 [DBG] snmp.go:383 Ctxt testAgent: outbound flow controller initializing
9892 Mon Dec 23 14:09:29.689450 [DBG] snmp.go:359 Ctxt test 0  : final timeout for GET REQUEST:1
9892 Mon Dec 23 14:09:29.692171 [DBG] snmp.go:227 Ctxt test 0  : got stats request
9892 Mon Dec 23 14:09:29.692279 [DBG] snmp.go:443 Ctxt testAgent: incoming message listener shutting down
9892 Mon Dec 23 14:09:29.692291 [DBG] snmp.go:407 Ctxt testAgent: outbound flow controller shutting down due to snmpContext shutdown
9892 Mon Dec 23 14:09:29.692297 [DBG] snmp.go:253 Ctxt testAgent: stats tracker shutting down due to snmpContext shutdown
9892 Mon Dec 23 14:09:29.692315 [DBG] snmp.go:123 Ctxt testAgent: shutdown complete
9892 Mon Dec 23 14:09:29.692364 [DBG] snmp.go:443 Ctxt test 0  : incoming message listener shutting down
9892 Mon Dec 23 14:09:29.692372 [DBG] snmp.go:407 Ctxt test 0  : outbound flow controller shutting down due to snmpContext shutdown
9892 Mon Dec 23 14:09:29.692380 [DBG] snmp.go:364 Ctxt test 0  : request tracker shutting down due to snmpContext shutdown
9892 Mon Dec 23 14:09:29.692386 [DBG] snmp.go:253 Ctxt test 0  : stats tracker shutting down due to snmpContext shutdown
9892 Mon Dec 23 14:09:29.692625 [DBG] snmp.go:123 Ctxt test 0  : shutdown complete
9909 Mon Dec 23 14:10:26.348693 [DBG] snmp.go:220 Ctxt test 0  : stats tracker initializing
9909 Mon Dec 23 14:10:26.348908 [DBG] snmp.go:321 Ctxt test 0  : request tracker initializing
9909 Mon Dec 23 14:10:26.348924 [DBG] snmp.go:127 Ctxt test 0  : setting restart timer for 0 seconds
9909 Mon Dec 23 14:10:26.348939 [DBG] snmp.go:436 Ctxt test 0  : incoming message listener initializing
9909 Mon Dec 23 14:10:26.348948 [DBG] snmp.go:383 Ctxt test 0  : outbound flow controller initializing
9909 Mon Dec 23 14:10:26.350076 [DBG] snmp.go:443 Ctxt test 0  : incoming message listener shutting down
9909 Mon Dec 23 14:10:26.350085 [DBG] snmp.go:253 Ctxt test 0  : stats tracker shutting down due to snmpContext shutdown
9909 Mon Dec 23 14:10:26.350090 [DBG] snmp.go:364 Ctxt test 0  : request tracker shutting down due to snmpContext shutdown
9909 Mon Dec 23 14:10:26.350094 [DBG] snmp.go:407 Ctxt test 0  : outbound flow controller shutting down due to snmpContext shutdown
9909 Mon Dec 23 14:10:26.350298 [DBG] snmp.go:123 Ctxt test 0  : shutdown complete
9909 Mon Dec 23 14:10:26.350342 [DBG] snmp.go:220 Ctxt test 1  : stats tracker initializing
9909 Mon Dec 23 14:10:26.350351 [DBG] snmp.go:321 Ctxt test 1  : request tracker initializing
9909 Mon Dec 23 14:10:26.350359 [DBG] snmp.go:127 Ctxt test 1  : setting restart timer for 0 seconds
9909 Mon Dec 23 14:10:26.350460 [DBG] snmp.go:436 Ctxt test 1  : incoming message listener initializing
9909 Mon Dec 23 14:10:26.350470 [DBG] snmp.go:383 Ctxt test 1  : outbound flow controller initializing
9909 Mon Dec 23 14:10:26.416414 [DBG] snmp.go:443 Ctxt test 1  : incoming message listener shutting down
9909 Mon Dec 23 14:10:26.416429 [DBG] snmp.go:253 Ctxt test 1  : stats tracker shutting down due to snmpContext shutdown
9909 Mon Dec 23 14:10:26.416435 [DBG] snmp.go:364 Ctxt test 1  : request tracker shutting down due to snmpContext shutdown
9909 Mon Dec 23 14:10:26.416440 [DBG] snmp.go:404 Ctxt test 1  : outbound flow controller shutting down due to shutdown message
9909 Mon Dec 23 14:10:26.416621 [DBG] snmp.go:123 Ctxt test 1  : shutdown complete
9909 Mon Dec 23 14:10:26.416673 [DBG] snmp.go:220 Ctxt test 2  : stats tracker initializing
9909 Mon Dec 23 14:10:26.416685 [DBG] snmp.go:321 Ctxt test 2  : request tracker initializing
9909 Mon Dec 23 14:10:26.416691 [DBG] snmp.go:127 Ctxt test 2  : setting restart timer for 0 seconds
9909 Mon Dec 23 14:10:26.416695 [DBG] snmp.go:123 Ctxt test 2  : shutdown complete
9909 Mon Dec 23 14:10:26.416910 [DBG] snmp.go:253 Ctxt test 2  : stats tracker shutting down due to snmpContext shutdown
9909 Mon Dec 23 14:10:26.416921 [DBG] snmp.go:364 Ctxt test 2  : request tracker shutting down due to snmpContext shutdown
9909 Mon Dec 23 14:10:26.416961 [DBG] snmp.go:220 Ctxt test 3  : stats tracker initializing
9909 Mon Dec 23 14:10:26.416970 [DBG] snmp.go:321 Ctxt test 3  : request tracker initializing
9909 Mon Dec 23 14:10:26.416975 [DBG] snmp.go:127 Ctxt test 3  : setting restart timer for 0 seconds
9909 Mon Dec 23 14:10:26.416983 [DBG] snmp.go:123 Ctxt test 3  : shutdown complete
9909 Mon Dec 23 14:10:26.417224 [DBG] snmp.go:253 Ctxt test 3  : stats tracker shutting down due to snmpContext shutdown
9909 Mon Dec 23 14:10:26.417232 [DBG] snmp.go:364 Ctxt test 3  : request tracker shutting down due to snmpContext shutdown
9909 Mon Dec 23 14:10:26.417265 [DBG] snmp.go:220 Ctxt test 4  : stats tracker initializing
9909 Mon Dec 23 14:10:26.417271 [DBG] snmp.go:321 Ctxt test 4  : request tracker initializing
9909 Mon Dec 23 14:10:26.417279 [DBG] snmp.go:127 Ctxt test 4  : setting restart timer for 0 seconds
9909 Mon Dec 23 14:10:26.417285 [DBG] snmp.go:123 Ctxt test 4  : shutdown complete
9909 Mon Dec 23 14:10:26.417995 [DBG] snmp.go:253 Ctxt test 4  : stats tracker shutting down due to snmpContext shutdown
9909 Mon Dec 23 14:10:26.418007 [DBG] snmp.go:364 Ctxt test 4  : request tracker shutting down due to snmpContext shutdown
9909 Mon Dec 23 14:10:26.418030 [DBG] snmp.go:220 Ctxt test 5  : stats tracker initializing
9909 Mon Dec 23 14:10:26.418102 [DBG] snmp.go:321 Ctxt test 5  : request tracker initializing
9909 Mon Dec 23 14:10:26.418112 [DBG] snmp.go:127 Ctxt test 5  : setting restart timer for 0 seconds
9909 Mon Dec 23 14:10:26.418119 [DBG] snmp.go:123 Ctxt test 5  : shutdown complete
9909 Mon Dec 23 14:10:26.418290 [DBG] snmp.go:253 Ctxt test 5  : stats tracker shutting down due to snmpContext shutdown
9909 Mon Dec 23 14:10:26.418310 [DBG] snmp.go:364 Ctxt test 5  : request tracker shutting down due to snmpContext shutdown
9909 Mon Dec 23 14:10:26.418349 [DBG] snmp.go:220 Ctxt test 6  : stats tracker initializing
9909 Mon Dec 23 14:10:26.418359 [DBG] snmp.go:321 Ctxt test 6  : request tracker initializing
9909 Mon Dec 23 14:10:26.418367 [DBG] snmp.go:127 Ctxt test 6  : setting restart timer for 0 seconds
9909 Mon Dec 23 14:10:26.418522 [DBG] snmp.go:436 Ctxt test 6  : incoming message listener initializing
9909 Mon Dec 23 14:10:26.418533 [DBG] snmp.go:383 Ctxt test 6  : outbound flow controller initializing
9909 Mon Dec 23 14:10:26.418775 [DBG] snmp.go:443 Ctxt test 6  : incoming message listener shutting down
9909 Mon Dec 23 14:10:26.418787 [DBG] snmp.go:253 Ctxt test 6  : stats tracker shutting down due to snmpContext shutdown
9909 Mon Dec 23 14:10:26.418792 [DBG] snmp.go:364 Ctxt test 6  : request tracker shutting down due to snmpContext shutdown
9909 Mon Dec 23 14:10:26.418797 [DBG] snmp.go:407 Ctxt test 6  : outbound flow controller shutting down due to snmpContext shutdown
9909 Mon Dec 23 14:10:26.418966 [DBG] snmp.go:123 Ctxt test 6  : shutdown complete
9909 Mon Dec 23 14:10:26.419036 [DBG] snmp.go:220 Ctxt test 7  : stats tracker initializing
9909 Mon Dec 23 14:10:26.419047 [DBG] snmp.go:321 Ctxt test 7  : request tracker initializing
9909 Mon Dec 23 14:10:26.419056 [DBG] snmp.go:127 Ctxt test 7  : setting restart timer for 0 seconds
9909 Mon Dec 23 14:10:26.419172 [DBG] snmp.go:436 Ctxt test 7  : incoming message listener initializing
9909 Mon Dec 23 14:10:26.419184 [DBG] snmp.go:383 Ctxt test 7  : outbound flow controller initializing
9909 Mon Dec 23 14:10:26.419398 [DBG] snmp.go:443 Ctxt test 7  : incoming message listener shutting down
9909 Mon Dec 23 14:10:26.419412 [DBG] snmp.go:253 Ctxt test 7  : stats tracker shutting down due to snmpContext shutdown
9909 Mon Dec 23 14:10:26.419418 [DBG] snmp.go:364 Ctxt test 7  : request tracker shutting down due to snmpContext shutdown
9909 Mon Dec 23 14:10:26.419423 [DBG] snmp.go:404 Ctxt test 7  : outbound flow controller shutting down due to shutdown message
9909 Mon Dec 23 14:10:26.419610 [DBG] snmp.go:123 Ctxt test 7  : shutdown complete
9909 Mon Dec 23 14:10:26.419672 [DBG] snmp.go:220 Ctxt test 8  : stats tracker initializing
9909 Mon Dec 23 14:10:26.419682 [DBG] snmp.go:321 Ctxt test 8  : request tracker initializing
9909 Mon Dec 23 14:10:26.419694 [DBG] snmp.go:127 Ctxt test 8  : setting restart timer for 0 seconds
9909 Mon Dec 23 14:10:26.419814 [DBG] snmp.go:436 Ctxt test 8  : incoming message listener initializing
9909 Mon Dec 23 14:10:26.419829 [DBG] snmp.go:383 Ctxt test 8  : outbound flow controller initializing
9909 Mon Dec 23 14:10:26.419950 [DBG] snmp.go:443 Ctxt test 8  : incoming message listener shutting down
9909 Mon Dec 23 14:10:26.419958 [DBG] snmp.go:253 Ctxt test 8  : stats tracker shutting down due to snmpContext shutdown
9909 Mon Dec 23 14:10:26.419963 [DBG] snmp.go:364 Ctxt test 8  : request tracker shutting down due to snmpContext shutdown
9909 Mon Dec 23 14:10:26.419968 [DBG] snmp.go:407 Ctxt test 8  : outbound flow controller shutting down due to snmpContext shutdown
9909 Mon Dec 23 14:10:26.420188 [DBG] snmp.go:123 Ctxt test 8  : shutdown complete
9909 Mon Dec 23 14:10:26.420232 [DBG] snmp.go:220 Ctxt test 9  : stats tracker initializing
9909 Mon Dec 23 14:10:26.420293 [DBG] snmp.go:321 Ctxt test 9  : request tracker initializing
9909 Mon Dec 23 14:10:26.420305 [DBG] snmp.go:127 Ctxt test 9  : setting restart timer for 0 seconds
9909 Mon Dec 23 14:10:26.420426 [DBG] snmp.go:436 Ctxt test 9  : incoming message listener initializing
9909 Mon Dec 23 14:10:26.420434 [DBG] snmp.go:383 Ctxt test 9  : outbound flow controller initializing
9909 Mon Dec 23 14:10:26.420604 [DBG] snmp.go:443 Ctxt test 9  : incoming message listener shutting down
9909 Mon Dec 23 14:10:26.420613 [DBG] snmp.go:253 Ctxt test 9  : stats tracker shutting down due to snmpContext shutdown
9909 Mon Dec 23 14:10:26.420620 [DBG] snmp.go:364 Ctxt test 9  : request tracker shutting down due to snmpContext shutdown
9909 Mon Dec 23 14:10:26.420624 [DBG] snmp.go:404 Ctxt test 9  : outbound flow controller shutting down due to shutdown message
9909 Mon Dec 23 14:10:26.420820 [DBG] snmp.go:123 Ctxt test 9  : shutdown complete
9909 Mon Dec 23 14:10:26.420875 [DBG] snmp.go:220 Ctxt test 10 : stats tracker initializing
9909 Mon Dec 23 14:10:26.420885 [DBG] snmp.go:321 Ctxt test 10 : request tracker initializing
9909 Mon Dec 23 14:10:26.420894 [DBG] snmp.go:127 Ctxt test 10 : setting restart timer for 0 seconds
9909 Mon Dec 23 14:10:26.421059 [DBG] snmp.go:436 Ctxt test 10 : incoming message listener initializing
9909 Mon Dec 23 14:10:26.421073 [DBG] snmp.go:383 Ctxt test 10 : outbound flow controller initializing
9909 Mon Dec 23 14:10:27.421308 [DBG] snmp.go:359 Ctxt test 10 : final timeout for GET REQUEST:1
9909 Mon Dec 23 14:10:27.421415 [DBG] snmp.go:227 Ctxt test 10 : got stats request
9909 Mon Dec 23 14:10:27.421578 [DBG] snmp.go:443 Ctxt test 10 : incoming message listener shutting down
9909 Mon Dec 23 14:10:27.421589 [DBG] snmp.go:407 Ctxt test 10 : outbound flow controller shutting down due to snmpContext shutdown
9909 Mon Dec 23 14:10:27.421598 [DBG] snmp.go:364 Ctxt test 10 : request tracker shutting down due to snmpContext shutdown
9909 Mon Dec 23 14:10:27.421606 [DBG] snmp.go:253 Ctxt test 10 : stats tracker shutting down due to snmpContext shutdown
9909 Mon Dec 23 14:10:27.422166 [DBG] snmp.go:123 Ctxt test 10 : shutdown complete
9909 Mon Dec 23 14:10:27.422242 [DBG] snmp.go:220 Ctxt test 11 : stats tracker initializing
9909 Mon Dec 23 14:10:27.422255 [DBG] snmp.go:321 Ctxt test 11 : request tracker initializing
9909 Mon Dec 23 14:10:27.422280 [DBG] snmp.go:127 Ctxt test 11 : setting restart timer for 0 seconds
9909 Mon Dec 23 14:10:27.422418 [DBG] snmp.go:436 Ctxt test 11 : incoming message listener initializing
9909 Mon Dec 23 14:10:27.422427 [DBG] snmp.go:383 Ctxt test 11 : outbound flow controller initializing
9909 Mon Dec 23 14:10:31.423431 [DBG] snmp.go:359 Ctxt test 11 : final timeout for GET REQUEST:1
9909 Mon Dec 23 14:10:31.423504 [DBG] snmp.go:227 Ctxt test 11 : got stats request
9909 Mon Dec 23 14:10:31.423651 [DBG] snmp.go:443 Ctxt test 11 : incoming message listener shutting down
9909 Mon Dec 23 14:10:31.423659 [DBG] snmp.go:407 Ctxt test 11 : outbound flow controller shutting down due to snmpContext shutdown
9909 Mon Dec 23 14:10:31.423667 [DBG] snmp.go:364 Ctxt test 11 : request tracker shutting down due to snmpContext shutdown
9909 Mon Dec 23 14:10:31.423674 [DBG] snmp.go:253 Ctxt test 11 : stats tracker shutting down due to snmpContext shutdown
9909 Mon Dec 23 14:10:31.423928 [DBG] snmp.go:123 Ctxt test 11 : shutdown complete
9909 Mon Dec 23 14:10:31.424009 [DBG] snmp.go:220 Ctxt test 12 : stats tracker initializing
9909 Mon Dec 23 14:10:31.424021 [DBG] snmp.go:321 Ctxt test 12 : request tracker initializing
9909 Mon Dec 23 14:10:31.424030 [DBG] snmp.go:127 Ctxt test 12 : setting restart timer for 0 seconds
9909 Mon Dec 23 14:10:31.424225 [DBG] snmp.go:436 Ctxt test 12 : incoming message listener initializing
9909 Mon Dec 23 14:10:31.424238 [DBG] snmp.go:383 Ctxt test 12 : outbound flow controller initializing
9909 Mon Dec 23 14:10:34.425157 [DBG] snmp.go:359 Ctxt test 12 : final timeout for GET REQUEST:1
9909 Mon Dec 23 14:10:34.425231 [DBG] snmp.go:227 Ctxt test 12 : got stats request
9909 Mon Dec 23 14:10:34.425348 [DBG] snmp.go:443 Ctxt test 12 : incoming message listener shutting down
9909 Mon Dec 23 14:10:34.425355 [DBG] snmp.go:404 Ctxt test 12 : outbound flow controller shutting down due to shutdown message
9909 Mon Dec 23 14:10:34.425360 [DBG] snmp.go:364 Ctxt test 12 : request tracker shutting down due to snmpContext shutdown
9909 Mon Dec 23 14:10:34.425364 [DBG] snmp.go:253 Ctxt test 12 : stats tracker shutting down due to snmpContext shutdown
9909 Mon Dec 23 14:10:34.425658 [DBG] snmp.go:123 Ctxt test 12 : shutdown complete
9909 Mon Dec 23 14:10:34.425714 [DBG] snmp.go:220 Ctxt test 13 : stats tracker initializing
9909 Mon Dec 23 14:10:34.425724 [DBG] snmp.go:321 Ctxt test 13 : request tracker initializing
9909 Mon Dec 23 14:10:34.425731 [DBG] snmp.go:127 Ctxt test 13 : setting restart timer for 0 seconds
9909 Mon Dec 23 14:10:34.427087 [DBG] snmp.go:436 Ctxt test 13 : incoming message listener initializing
9909 Mon Dec 23 14:10:34.427105 [DBG] snmp.go:383 Ctxt test 13 : outbound flow controller initializing
9909 Mon Dec 23 14:10:35.441684 [DBG] snmp.go:359 Ctxt test 13 : final timeout for GET REQUEST:1
9909 Mon Dec 23 14:10:35.442318 [DBG] snmp.go:359 Ctxt test 13 : final timeout for GET REQUEST:2
9909 Mon Dec 23 14:10:35.442329 [DBG] snmp.go:359 Ctxt test 13 : final timeout for GET REQUEST:3
9909 Mon Dec 23 14:10:35.442335 [DBG] snmp.go:359 Ctxt test 13 : final timeout for GET REQUEST:4
9909 Mon Dec 23 14:10:35.442341 [DBG] snmp.go:359 Ctxt test 13 : final timeout for GET REQUEST:5
9909 Mon Dec 23 14:10:35.442345 [DBG] snmp.go:359 Ctxt test 13 : final timeout for GET REQUEST:6
9909 Mon Dec 23 14:10:35.442350 [DBG] snmp.go:359 Ctxt test 13 : final timeout for GET REQUEST:7
9909 Mon Dec 23 14:10:35.442355 [DBG] snmp.go:359 Ctxt test 13 : final timeout for GET REQUEST:8
9909 Mon Dec 23 14:10:35.442360 [DBG] snmp.go:359 Ctxt test 13 : final timeout for GET REQUEST:9
9909 Mon Dec 23 14:10:35.442365 [DBG] snmp.go:359 Ctxt test 13 : final timeout for GET REQUEST:10
9909 Mon Dec 23 14:10:35.442370 [DBG] snmp.go:359 Ctxt test 13 : final timeout for GET REQUEST:11
9909 Mon Dec 23 14:10:35.442375 [DBG] snmp.go:359 Ctxt test 13 : final timeout for GET REQUEST:12
9909 Mon Dec 23 14:10:35.442380 [DBG] snmp.go:359 Ctxt test 13 : final timeout for GET REQUEST:13
9909 Mon Dec 23 14:10:35.442384 [DBG] snmp.go:359 Ctxt test 13 : final timeout for GET REQUEST:14
9909 Mon Dec 23 14:10:35.442389 [DBG] snmp.go:359 Ctxt test 13 : final timeout for GET REQUEST:15
9909 Mon Dec 23 14:10:35.442396 [DBG] snmp.go:359 Ctxt test 13 : final timeout for GET REQUEST:16
9909 Mon Dec 23 14:10:35.442401 [DBG] snmp.go:359 Ctxt test 13 : final timeout for GET REQUEST:17
9909 Mon Dec 23 14:10:35.442406 [DBG] snmp.go:359 Ctxt test 13 : final timeout for GET REQUEST:18
9909 Mon Dec 23 14:10:35.442411 [DBG] snmp.go:359 Ctxt test 13 : final timeout for GET REQUEST:19
9909 Mon Dec 23 14:10:35.442415 [DBG] snmp.go:359 Ctxt test 13 : final timeout for GET REQUEST:20
9909 Mon Dec 23 14:10:35.442420 [DBG] snmp.go:359 Ctxt test 13 : final timeout for GET REQUEST:21
9909 Mon Dec 23 14:10:35.442425 [DBG] snmp.go:359 Ctxt test 13 : final timeout for GET REQUEST:22
9909 Mon Dec 23 14:10:35.442429 [DBG] snmp.go:359 Ctxt test 13 : final timeout for GET REQUEST:23
9909 Mon Dec 23 14:10:35.442434 [DBG] snmp.go:359 Ctxt test 13 : final timeout for GET REQUEST:24
9909 Mon Dec 23 14:10:35.442439 [DBG] snmp.go:359 Ctxt test 13 : final timeout for GET REQUEST:25
9909 Mon Dec 23 14:10:35.442444 [DBG] snmp.go:359 Ctxt test 13 : final timeout for GET REQUEST:26
9909 Mon Dec 23 14:10:35.442449 [DBG] snmp.go:359 Ctxt test 13 : final timeout for GET REQUEST:27
9909 Mon Dec 23 14:10:35.442453 [DBG] snmp.go:359 Ctxt test 13 : final timeout for GET REQUEST:28
9909 Mon Dec 23 14:10:35.442458 [DBG] snmp.go:359 Ctxt test 13 : final timeout for GET REQUEST:29
9909 Mon Dec 23 14:10:35.442463 [DBG] snmp.go:359 Ctxt test 13 : final timeout for GET REQUEST:30
9909 Mon Dec 23 14:10:35.442468 [DBG] snmp.go:359 Ctxt test 13 : final timeout for GET REQUEST:31
9909 Mon Dec 23 14:10:35.442473 [DBG] snmp.go:359 Ctxt test 13 : final timeout for GET REQUEST:32
9909 Mon Dec 23 14:10:35.442477 [DBG] snmp.go:359 Ctxt test 13 : final timeout for GET REQUEST:33
9909 Mon Dec 23 14:10:35.442482 [DBG] snmp.go:359 Ctxt test 13 : final timeout for GET REQUEST:34
9909 Mon Dec 23 14:10:35.442487 [DBG] snmp.go:359 Ctxt test 13 : final timeout for GET REQUEST:35
9909 Mon Dec 23 14:10:35.442492 [DBG] snmp.go:359 Ctxt test 13 : final timeout for GET REQUEST:36
9909 Mon Dec 23 14:10:35.442497 [DBG] snmp.go:359 Ctxt test 13 : final timeout for GET REQUEST:37
9909 Mon Dec 23 14:10:35.442501 [DBG] snmp.go:359 Ctxt test 13 : final timeout for GET REQUEST:38
9909 Mon Dec 23 14:10:35.442506 [DBG] snmp.go:359 Ctxt test 13 : final timeout for GET REQUEST:39
9909 Mon Dec 23 14:10:35.442511 [DBG] snmp.go:359 Ctxt test 13 : final timeout for GET REQUEST:40
9909 Mon Dec 23 14:10:35.442516 [DBG] snmp.go:359 Ctxt test 13 : final timeout for GET REQUEST:41
9909 Mon Dec 23 14:10:35.442520 [DBG] snmp.go:359 Ctxt test 13 : final timeout for GET REQUEST:42
9909 Mon Dec 23 14:10:35.442525 [DBG] snmp.go:359 Ctxt test 13 : final timeout for GET REQUEST:43
9909 Mon Dec 23 14:10:35.442529 [DBG] snmp.go:359 Ctxt test 13 : final timeout for GET REQUEST:44
9909 Mon Dec 23 14:10:35.442534 [DBG] snmp.go:359 Ctxt test 13 : final timeout for GET REQUEST:45
9909 Mon Dec 23 14:10:35.442539 [DBG] snmp.go:359 Ctxt test 13 : final timeout for GET REQUEST:46
9909 Mon Dec 23 14:10:35.442543 [DBG] snmp.go:359 Ctxt test 13 : final timeout for GET REQUEST:47
9909 Mon Dec 23 14:10:35.442548 [DBG] snmp.go:359 Ctxt test 13 : final timeout for GET REQUEST:48
9909 Mon Dec 23 14:10:35.442553 [DBG] snmp.go:359 Ctxt test 13 : final timeout for GET REQUEST:49
9909 Mon Dec 23 14:10:35.442557 [DBG] snmp.go:359 Ctxt test 13 : final timeout for GET REQUEST:50
9909 Mon Dec 23 14:10:35.442838 [DBG] snmp.go:227 Ctxt test 13 : got stats request
9909 Mon Dec 23 14:10:35.442942 [DBG] snmp.go:443 Ctxt test 13 : incoming message listener shutting down
9909 Mon Dec 23 14:10:35.442949 [DBG] snmp.go:404 Ctxt test 13 : outbound flow controller shutting down due to shutdown message
9909 Mon Dec 23 14:10:35.442954 [DBG] snmp.go:364 Ctxt test 13 : request tracker shutting down due to snmpContext shutdown
9909 Mon Dec 23 14:10:35.442959 [DBG] snmp.go:253 Ctxt test 13 : stats tracker shutting down due to snmpContext shutdown
9909 Mon Dec 23 14:10:35.443444 [DBG] snmp.go:123 Ctxt test 13 : shutdown complete
9909 Mon Dec 23 14:10:35.443498 [DBG] snmp.go:220 Ctxt test 14 : stats tracker initializing
9909 Mon Dec 23 14:10:35.443508 [DBG] snmp.go:321 Ctxt test 14 : request tracker initializing
9909 Mon Dec 23 14:10:35.443516 [DBG] snmp.go:127 Ctxt test 14 : setting restart timer for 0 seconds
9909 Mon Dec 23 14:10:35.443638 [DBG] snmp.go:436 Ctxt test 14 : incoming message listener initializing
9909 Mon Dec 23 14:10:35.443646 [DBG] snmp.go:383 Ctxt test 14 : outbound flow controller initializing
9909 Mon Dec 23 14:10:39.456033 [DBG] snmp.go:359 Ctxt test 14 : final timeout for GET REQUEST:1
9909 Mon Dec 23 14:10:39.456048 [DBG] snmp.go:359 Ctxt test 14 : final timeout for GET REQUEST:2
9909 Mon Dec 23 14:10:39.456056 [DBG] snmp.go:359 Ctxt test 14 : final timeout for GET REQUEST:3
9909 Mon Dec 23 14:10:39.456063 [DBG] snmp.go:359 Ctxt test 14 : final timeout for GET REQUEST:4
9909 Mon Dec 23 14:10:39.456067 [DBG] snmp.go:359 Ctxt test 14 : final timeout for GET REQUEST:5
9909 Mon Dec 23 14:10:39.456072 [DBG] snmp.go:359 Ctxt test 14 : final timeout for GET REQUEST:6
9909 Mon Dec 23 14:10:39.456076 [DBG] snmp.go:359 Ctxt test 14 : final timeout for GET REQUEST:7
9909 Mon Dec 23 14:10:39.456083 [DBG] snmp.go:359 Ctxt test 14 : final timeout for GET REQUEST:8
9909 Mon Dec 23 14:10:39.456090 [DBG] snmp.go:359 Ctxt test 14 : final timeout for GET REQUEST:9
9909 Mon Dec 23 14:10:39.456094 [DBG] snmp.go:359 Ctxt test 14 : final timeout for GET REQUEST:10
9909 Mon Dec 23 14:10:39.456099 [DBG] snmp.go:359 Ctxt test 14 : final timeout for GET REQUEST:11
9909 Mon Dec 23 14:10:39.456103 [DBG] snmp.go:359 Ctxt test 14 : final timeout for GET REQUEST:12
9909 Mon Dec 23 14:10:39.456108 [DBG] snmp.go:359 Ctxt test 14 : final timeout for GET REQUEST:13
9909 Mon Dec 23 14:10:39.456121 [DBG] snmp.go:359 Ctxt test 14 : final timeout for GET REQUEST:14
9909 Mon Dec 23 14:10:39.456126 [DBG] snmp.go:359 Ctxt test 14 : final timeout for GET REQUEST:15
9909 Mon Dec 23 14:10:39.456130 [DBG] snmp.go:359 Ctxt test 14 : final timeout for GET REQUEST:16
9909 Mon Dec 23 14:10:39.456134 [DBG] snmp.go:359 Ctxt test 14 : final timeout for GET REQUEST:17
9909 Mon Dec 23 14:10:39.456142 [DBG] snmp.go:359 Ctxt test 14 : final timeout for GET REQUEST:18
9909 Mon Dec 23 14:10:39.456149 [DBG] snmp.go:359 Ctxt test 14 : final timeout for GET REQUEST:19
9909 Mon Dec 23 14:10:39.456153 [DBG] snmp.go:359 Ctxt test 14 : final timeout for GET REQUEST:20
9909 Mon Dec 23 14:10:39.456157 [DBG] snmp.go:359 Ctxt test 14 : final timeout for GET REQUEST:21
9909 Mon Dec 23 14:10:39.456162 [DBG] snmp.go:359 Ctxt test 14 : final timeout for GET REQUEST:22
9909 Mon Dec 23 14:10:39.456167 [DBG] snmp.go:359 Ctxt test 14 : final timeout for GET REQUEST:23
9909 Mon Dec 23 14:10:39.456175 [DBG] snmp.go:359 Ctxt test 14 : final timeout for GET REQUEST:24
9909 Mon Dec 23 14:10:39.456180 [DBG] snmp.go:359 Ctxt test 14 : final timeout for GET REQUEST:25
9909 Mon Dec 23 14:10:39.456184 [DBG] snmp.go:359 Ctxt test 14 : final timeout for GET REQUEST:26
9909 Mon Dec 23 14:10:39.456189 [DBG] snmp.go:359 Ctxt test 14 : final timeout for GET REQUEST:27
9909 Mon Dec 23 14:10:39.456203 [DBG] snmp.go:359 Ctxt test 14 : final timeout for GET REQUEST:28
9909 Mon Dec 23 14:10:39.456208 [DBG] snmp.go:359 Ctxt test 14 : final timeout for GET REQUEST:29
9909 Mon Dec 23 14:10:39.456213 [DBG] snmp.go:359 Ctxt test 14 : final timeout for GET REQUEST:30
9909 Mon Dec 23 14:10:39.456217 [DBG] snmp.go:359 Ctxt test 14 : final timeout for GET REQUEST:31
9909 Mon Dec 23 14:10:39.456227 [DBG] snmp.go:359 Ctxt test 14 : final timeout for GET REQUEST:32
9909 Mon Dec 23 14:10:39.456235 [DBG] snmp.go:359 Ctxt test 14 : final timeout for GET REQUEST:33
9909 Mon Dec 23 14:10:39.456239 [DBG] snmp.go:359 Ctxt test 14 : final timeout for GET REQUEST:34
9909 Mon Dec 23 14:10:39.456243 [DBG] snmp.go:359 Ctxt test 14 : final timeout for GET REQUEST:35
9909 Mon Dec 23 14:10:39.456247 [DBG] snmp.go:359 Ctxt test 14 : final timeout for GET REQUEST:36
9909 Mon Dec 23 14:10:39.456252 [DBG] snmp.go:359 Ctxt test 14 : final timeout for GET REQUEST:37
9909 Mon Dec 23 14:10:39.456260 [DBG] snmp.go:359 Ctxt test 14 : final timeout for GET REQUEST:38
9909 Mon Dec 23 14:10:39.456266 [DBG] snmp.go:359 Ctxt test 14 : final timeout for GET REQUEST:39
9909 Mon Dec 23 14:10:39.456704 [DBG] snmp.go:359 Ctxt test 14 : final timeout for GET REQUEST:40
9909 Mon Dec 23 14:10:39.456711 [DBG] snmp.go:359 Ctxt test 14 : final timeout for GET REQUEST:41
9909 Mon Dec 23 14:10:39.456716 [DBG] snmp.go:359 Ctxt test 14 : final timeout for GET REQUEST:42
9909 Mon Dec 23 14:10:39.456721 [DBG] snmp.go:359 Ctxt test 14 : final timeout for GET REQUEST:43
9909 Mon Dec 23 14:10:39.456728 [DBG] snmp.go:359 Ctxt test 14 : final timeout for GET REQUEST:44
9909 Mon Dec 23 14:10:39.456734 [DBG] snmp.go:359 Ctxt test 14 : final timeout for GET REQUEST:45
9909 Mon Dec 23 14:10:39.456738 [DBG] snmp.go:359 Ctxt test 14 : final timeout for GET REQUEST:46
9909 Mon Dec 23 14:10:39.456742 [DBG] snmp.go:359 Ctxt test 14 : final timeout for GET REQUEST:47
9909 Mon Dec 23 14:10:39.456747 [DBG] snmp.go:359 Ctxt test 14 : final timeout for GET REQUEST:48
9909 Mon Dec 23 14:10:39.456753 [DBG] snmp.go:359 Ctxt test 14 : final timeout for GET REQUEST:49
9909 Mon Dec 23 14:10:39.456766 [DBG] snmp.go:359 Ctxt test 14 : final timeout for GET REQUEST:50
9909 Mon Dec 23 14:10:39.456876 [DBG] snmp.go:227 Ctxt test 14 : got stats request
9909 Mon Dec 23 14:10:39.456998 [DBG] snmp.go:443 Ctxt test 14 : incoming message listener shutting down
9909 Mon Dec 23 14:10:39.457005 [DBG] snmp.go:407 Ctxt test 14 : outbound flow controller shutting down due to snmpContext shutdown
9909 Mon Dec 23 14:10:39.457010 [DBG] snmp.go:364 Ctxt test 14 : request tracker shutting down due to snmpContext shutdown
9909 Mon Dec 23 14:10:39.457018 [DBG] snmp.go:253 Ctxt test 14 : stats tracker shutting down due to snmpContext shutdown
9909 Mon Dec 23 14:10:39.469034 [DBG] snmp.go:123 Ctxt test 14 : shutdown complete
9909 Mon Dec 23 14:10:39.469082 [DBG] snmp.go:220 Ctxt test 15 : stats tracker initializing
9909 Mon Dec 23 14:10:39.469086 [DBG] snmp.go:321 Ctxt test 15 : request tracker initializing
9909 Mon Dec 23 14:10:39.469089 [DBG] snmp.go:127 Ctxt test 15 : setting restart timer for 0 seconds
9909 Mon Dec 23 14:10:39.469916 [DBG] snmp.go:436 Ctxt test 15 : incoming message listener initializing
9909 Mon Dec 23 14:10:39.469925 [DBG] snmp.go:383 Ctxt test 15 : outbound flow controller initializing
9909 Mon Dec 23 14:10:42.470964 [DBG] snmp.go:359 Ctxt test 15 : final timeout for GET REQUEST:1
9909 Mon Dec 23 14:10:42.470980 [DBG] snmp.go:359 Ctxt test 15 : final timeout for GET REQUEST:2
9909 Mon Dec 23 14:10:42.470986 [DBG] snmp.go:359 Ctxt test 15 : final timeout for GET REQUEST:3
9909 Mon Dec 23 14:10:42.470992 [DBG] snmp.go:359 Ctxt test 15 : final timeout for GET REQUEST:4
9909 Mon Dec 23 14:10:42.470996 [DBG] snmp.go:359 Ctxt test 15 : final timeout for GET REQUEST:5
9909 Mon Dec 23 14:10:42.471001 [DBG] snmp.go:359 Ctxt test 15 : final timeout for GET REQUEST:6
9909 Mon Dec 23 14:10:42.471006 [DBG] snmp.go:359 Ctxt test 15 : final timeout for GET REQUEST:7
9909 Mon Dec 23 14:10:42.471011 [DBG] snmp.go:359 Ctxt test 15 : final timeout for GET REQUEST:8
9909 Mon Dec 23 14:10:42.471028 [DBG] snmp.go:359 Ctxt test 15 : final timeout for GET REQUEST:9
9909 Mon Dec 23 14:10:42.471039 [DBG] snmp.go:359 Ctxt test 15 : final timeout for GET REQUEST:10
9909 Mon Dec 23 14:10:42.471044 [DBG] snmp.go:359 Ctxt test 15 : final timeout for GET REQUEST:11
9909 Mon Dec 23 14:10:42.471049 [DBG] snmp.go:359 Ctxt test 15 : final timeout for GET REQUEST:12
9909 Mon Dec 23 14:10:42.471212 [DBG] snmp.go:359 Ctxt test 15 : final timeout for GET REQUEST:13
9909 Mon Dec 23 14:10:42.471218 [DBG] snmp.go:359 Ctxt test 15 : final timeout for GET REQUEST:14
9909 Mon Dec 23 14:10:42.471223 [DBG] snmp.go:359 Ctxt test 15 : final timeout for GET REQUEST:15
9909 Mon Dec 23 14:10:42.471228 [DBG] snmp.go:359 Ctxt test 15 : final timeout for GET REQUEST:16
9909 Mon Dec 23 14:10:42.471233 [DBG] snmp.go:359 Ctxt test 15 : final timeout for GET REQUEST:17
9909 Mon Dec 23 14:10:42.471238 [DBG] snmp.go:359 Ctxt test 15 : final timeout for GET REQUEST:18
9909 Mon Dec 23 14:10:42.471243 [DBG] snmp.go:359 Ctxt test 15 : final timeout for GET REQUEST:19
9909 Mon Dec 23 14:10:42.471247 [DBG] snmp.go:359 Ctxt test 15 : final timeout for GET REQUEST:20
9909 Mon Dec 23 14:10:42.471427 [DBG] snmp.go:359 Ctxt test 15 : final timeout for GET REQUEST:21
9909 Mon Dec 23 14:10:42.471436 [DBG] snmp.go:359 Ctxt test 15 : final timeout for GET REQUEST:22
9909 Mon Dec 23 14:10:42.471441 [DBG] snmp.go:359 Ctxt test 15 : final timeout for GET REQUEST:23
9909 Mon Dec 23 14:10:42.471446 [DBG] snmp.go:359 Ctxt test 15 : final timeout for GET REQUEST:24
9909 Mon Dec 23 14:10:42.471451 [DBG] snmp.go:359 Ctxt test 15 : final timeout for GET REQUEST:25
9909 Mon Dec 23 14:10:42.471455 [DBG] snmp.go:359 Ctxt test 15 : final timeout for GET REQUEST:26
9909 Mon Dec 23 14:10:42.471470 [DBG] snmp.go:359 Ctxt test 15 : final timeout for GET REQUEST:27
9909 Mon Dec 23 14:10:42.471718 [DBG] snmp.go:359 Ctxt test 15 : final timeout for GET REQUEST:28
9909 Mon Dec 23 14:10:42.471724 [DBG] snmp.go:359 Ctxt test 15 : final timeout for GET REQUEST:29
9909 Mon Dec 23 14:10:42.471729 [DBG] snmp.go:359 Ctxt test 15 : final timeout for GET REQUEST:30
9909 Mon Dec 23 14:10:42.471734 [DBG] snmp.go:359 Ctxt test 15 : final timeout for GET REQUEST:31
9909 Mon Dec 23 14:10:42.471739 [DBG] snmp.go:359 Ctxt test 15 : final timeout for GET REQUEST:32
9909 Mon Dec 23 14:10:42.471744 [DBG] snmp.go:359 Ctxt test 15 : final timeout for GET REQUEST:33
9909 Mon Dec 23 14:10:42.471748 [DBG] snmp.go:359 Ctxt test 15 : final timeout for GET REQUEST:34
9909 Mon Dec 23 14:10:42.471753 [DBG] snmp.go:359 Ctxt test 15 : final timeout for GET REQUEST:35
9909 Mon Dec 23 14:10:42.471763 [DBG] snmp.go:359 Ctxt test 15 : final timeout for GET REQUEST:36
9909 Mon Dec 23 14:10:42.471768 [DBG] snmp.go:359 Ctxt test 15 : final timeout for GET REQUEST:37
9909 Mon Dec 23 14:10:42.471773 [DBG] snmp.go:359 Ctxt test 15 : final timeout for GET REQUEST:38
9909 Mon Dec 23 14:10:42.471778 [DBG] snmp.go:359 Ctxt test 15 : final timeout for GET REQUEST:39
9909 Mon Dec 23 14:10:42.471782 [DBG] snmp.go:359 Ctxt test 15 : final timeout for GET REQUEST:40
9909 Mon Dec 23 14:10:42.471787 [DBG] snmp.go:359 Ctxt test 15 : final timeout for GET REQUEST:41
9909 Mon Dec 23 14:10:42.471792 [DBG] snmp.go:359 Ctxt test 15 : final timeout for GET REQUEST:42
9909 Mon Dec 23 14:10:42.471796 [DBG] snmp.go:359 Ctxt test 15 : final timeout for GET REQUEST:43
9909 Mon Dec 23 14:10:42.471801 [DBG] snmp.go:359 Ctxt test 15 : final timeout for GET REQUEST:44
9909 Mon Dec 23 14:10:42.471806 [DBG] snmp.go:359 Ctxt test 15 : final timeout for GET REQUEST:45
9909 Mon Dec 23 14:10:42.471820 [DBG] snmp.go:359 Ctxt test 15 : final timeout for GET REQUEST:46
9909 Mon Dec 23 14:10:42.471824 [DBG] snmp.go:359 Ctxt test 15 : final timeout for GET REQUEST:47
9909 Mon Dec 23 14:10:42.471829 [DBG] snmp.go:359 Ctxt test 15 : final timeout for GET REQUEST:48
9909 Mon Dec 23 14:10:42.471834 [DBG] snmp.go:359 Ctxt test 15 : final timeout for GET REQUEST:49
9909 Mon Dec 23 14:10:42.471839 [DBG] snmp.go:359 Ctxt test 15 : final timeout for GET REQUEST:50
9909 Mon Dec 23 14:10:42.471986 [DBG] snmp.go:227 Ctxt test 15 : got stats request
9909 Mon Dec 23 14:10:42.472084 [DBG] snmp.go:443 Ctxt test 15 : incoming message listener shutting down
9909 Mon Dec 23 14:10:42.472090 [DBG] snmp.go:407 Ctxt test 15 : outbound flow controller shutting down due to snmpContext shutdown
9909 Mon Dec 23 14:10:42.472096 [DBG] snmp.go:364 Ctxt test 15 : request tracker shutting down due to snmpContext shutdown
9909 Mon Dec 23 14:10:42.472101 [DBG] snmp.go:253 Ctxt test 15 : stats tracker shutting down due to snmpContext shutdown
9909 Mon Dec 23 14:10:42.473493 [DBG] snmp.go:123 Ctxt test 15 : shutdown complete
9909 Mon Dec 23 14:10:42.473515 [DBG] snmp.go:220 Ctxt test 16 : stats tracker initializing
9909 Mon Dec 23 14:10:42.473674 [DBG] snmp.go:321 Ctxt test 16 : request tracker initializing
9909 Mon Dec 23 14:10:42.473687 [DBG] snmp.go:127 Ctxt test 16 : setting restart timer for 0 seconds
9909 Mon Dec 23 14:10:42.473849 [DBG] snmp.go:436 Ctxt test 16 : incoming message listener initializing
9909 Mon Dec 23 14:10:42.473862 [DBG] snmp.go:383 Ctxt test 16 : outbound flow controller initializing
9909 Mon Dec 23 14:10:43.474309 [DBG] snmp.go:359 Ctxt test 16 : final timeout for GET REQUEST:1
9909 Mon Dec 23 14:10:44.475011 [DBG] snmp.go:359 Ctxt test 16 : final timeout for GET REQUEST:2
9909 Mon Dec 23 14:10:45.475513 [DBG] snmp.go:359 Ctxt test 16 : final timeout for GET REQUEST:3
9909 Mon Dec 23 14:10:45.475677 [DBG] snmp.go:227 Ctxt test 16 : got stats request
9909 Mon Dec 23 14:10:45.475789 [DBG] snmp.go:443 Ctxt test 16 : incoming message listener shutting down
9909 Mon Dec 23 14:10:45.475797 [DBG] snmp.go:404 Ctxt test 16 : outbound flow controller shutting down due to shutdown message
9909 Mon Dec 23 14:10:45.475802 [DBG] snmp.go:364 Ctxt test 16 : request tracker shutting down due to snmpContext shutdown
9909 Mon Dec 23 14:10:45.475807 [DBG] snmp.go:253 Ctxt test 16 : stats tracker shutting down due to snmpContext shutdown
9909 Mon Dec 23 14:10:45.475928 [DBG] snmp.go:123 Ctxt test 16 : shutdown complete
9909 Mon Dec 23 14:10:45.475987 [DBG] snmp.go:220 Ctxt test 17 : stats tracker initializing
9909 Mon Dec 23 14:10:45.475997 [DBG] snmp.go:321 Ctxt test 17 : request tracker initializing
9909 Mon Dec 23 14:10:45.476003 [DBG] snmp.go:127 Ctxt test 17 : setting restart timer for 0 seconds
9909 Mon Dec 23 14:10:45.476008 [DBG] snmp.go:220 Ctxt testAgent: stats tracker initializing
9909 Mon Dec 23 14:10:45.476013 [DBG] snmp.go:127 Ctxt testAgent: setting restart timer for 0 seconds
9909 Mon Dec 23 14:10:45.476171 [DBG] snmp.go:436 Ctxt test 17 : incoming message listener initializing
9909 Mon Dec 23 14:10:45.476182 [DBG] snmp.go:383 Ctxt test 17 : outbound flow controller initializing
9909 Mon Dec 23 14:10:45.476187 [DBG] snmp.go:436 Ctxt testAgent: incoming message listener initializing
9909 Mon Dec 23 14:10:45.476193 [DBG] snmp.go:383 Ctxt testAgent: outbound flow controller initializing
9909 Mon Dec 23 14:10:47.477898 [DBG] snmp.go:359 Ctxt test 17 : final timeout for GET REQUEST:1
9909 Mon Dec 23 14:10:47.480396 [DBG] snmp.go:227 Ctxt test 17 : got stats request
9909 Mon Dec 23 14:10:47.480513 [DBG] snmp.go:443 Ctxt testAgent: incoming message listener shutting down
9909 Mon Dec 23 14:10:47.480522 [DBG] snmp.go:404 Ctxt testAgent: outbound flow controller shutting down due to shutdown message
9909 Mon Dec 23 14:10:47.480528 [DBG] snmp.go:253 Ctxt testAgent: stats tracker shutting down due to snmpContext shutdown
9909 Mon Dec 23 14:10:47.480549 [DBG] snmp.go:123 Ctxt testAgent: shutdown complete
9909 Mon Dec 23 14:10:47.480601 [DBG] snmp.go:443 Ctxt test 17 : incoming message listener shutting down
9909 Mon Dec 23 14:10:47.480609 [DBG] snmp.go:407 Ctxt test 17 : outbound flow controller shutting down due to snmpContext shutdown
9909 Mon Dec 23 14:10:47.480614 [DBG] snmp.go:364 Ctxt test 17 : request tracker shutting down due to snmpContext shutdown
9909 Mon Dec 23 14:10:47.480619 [DBG] snmp.go:253 Ctxt test 17 : stats tracker shutting down due to snmpContext shutdown
9909 Mon Dec 23 14:10:47.480871 [DBG] snmp.go:123 Ctxt test 17 : shutdown complete
9909 Mon Dec 23 14:10:47.480914 [DBG] snmp.go:220 Ctxt test 18 : stats tracker initializing
9909 Mon Dec 23 14:10:47.480922 [DBG] snmp.go:321 Ctxt test 18 : request tracker initializing
9909 Mon Dec 23 14:10:47.480930 [DBG] snmp.go:127 Ctxt test 18 : setting restart timer for 0 seconds
9909 Mon Dec 23 14:10:47.481064 [DBG] snmp.go:436 Ctxt test 18 : incoming message listener initializing
9909 Mon Dec 23 14:10:47.481080 [DBG] snmp.go:383 Ctxt test 18 : outbound flow controller initializing
